# JRE version: OpenJDK Runtime Environment Temurin-17.0.16+8 (17.0.16+8) (build 17.0.16+8)
# Java VM: OpenJDK 64-Bit Server VM Temurin-17.0.16+8 (17.0.16+8, mixed mode, sharing, tiered, compressed oops, compressed class ptrs, g1 gc, windows-amd64)
GC Precious Log:
 CPUs: 4 total, 4 available
 Memory: 7934M
 Large Page Support: Disabled
 NUMA Support: Disabled
 Compressed Oops: Enabled (32-bit)
 Heap Region Size: 1M
 Heap Min Capacity: 8M
 Heap Initial Capacity: 124M
 Heap Max Capacity: 1984M
 Pre-touch: Disabled
 Parallel Workers: 4
 Concurrent Workers: 1
 Concurrent Refinement Workers: 4
 Periodic GC: Disabled
Heap:
 garbage-first heap   total 55296K, used 37514K [0x0000000084000000, 0x0000000100000000)
  region size 1024K, 8 young (8192K), 2 survivors (2048K)
 Metaspace       used 76322K, committed 76800K, reserved 1179648K
  class space    used 10588K, committed 10816K, reserved 1048576K
GC Heap History (20 events):
Event: 8.660 GC heap before
{Heap before GC invocations=17 (full 0):
 garbage-first heap   total 48128K, used 36479K [0x0000000084000000, 0x0000000100000000)
  region size 1024K, 17 young (17408K), 2 survivors (2048K)
 Metaspace       used 55271K, committed 55808K, reserved 1114112K
  class space    used 7559K, committed 7808K, reserved 1048576K
}
Event: 8.663 GC heap after
{Heap after GC invocations=18 (full 0):
 garbage-first heap   total 48128K, used 22568K [0x0000000084000000, 0x0000000100000000)
  region size 1024K, 2 young (2048K), 2 survivors (2048K)
 Metaspace       used 55271K, committed 55808K, reserved 1114112K
  class space    used 7559K, committed 7808K, reserved 1048576K
}
Event: 9.177 GC heap before
{Heap before GC invocations=18 (full 0):
 garbage-first heap   total 48128K, used 37928K [0x0000000084000000, 0x0000000100000000)
  region size 1024K, 18 young (18432K), 2 survivors (2048K)
 Metaspace       used 59285K, committed 59840K, reserved 1114112K
  class space    used 8111K, committed 8384K, reserved 1048576K
}
Event: 9.181 GC heap after
{Heap after GC invocations=19 (full 0):
 garbage-first heap   total 48128K, used 23581K [0x0000000084000000, 0x0000000100000000)
  region size 1024K, 3 young (3072K), 3 survivors (3072K)
 Metaspace       used 59285K, committed 59840K, reserved 1114112K
  class space    used 8111K, committed 8384K, reserved 1048576K
}
Event: 10.283 GC heap before
{Heap before GC invocations=19 (full 0):
 garbage-first heap   total 48128K, used 38941K [0x0000000084000000, 0x0000000100000000)
  region size 1024K, 18 young (18432K), 3 survivors (3072K)
 Metaspace       used 61949K, committed 62464K, reserved 1114112K
  class space    used 8466K, committed 8704K, reserved 1048576K
}
Event: 10.289 GC heap after
{Heap after GC invocations=20 (full 0):
 garbage-first heap   total 48128K, used 24979K [0x0000000084000000, 0x0000000100000000)
  region size 1024K, 3 young (3072K), 3 survivors (3072K)
 Metaspace       used 61949K, committed 62464K, reserved 1114112K
  class space    used 8466K, committed 8704K, reserved 1048576K
}
Event: 11.318 GC heap before
{Heap before GC invocations=20 (full 0):
 garbage-first heap   total 48128K, used 39315K [0x0000000084000000, 0x0000000100000000)
  region size 1024K, 17 young (17408K), 3 survivors (3072K)
 Metaspace       used 64191K, committed 64704K, reserved 1114112K
  class space    used 8771K, committed 9024K, reserved 1048576K
}
Event: 11.323 GC heap after
{Heap after GC invocations=21 (full 0):
 garbage-first heap   total 48128K, used 26724K [0x0000000084000000, 0x0000000100000000)
  region size 1024K, 3 young (3072K), 3 survivors (3072K)
 Metaspace       used 64191K, committed 64704K, reserved 1114112K
  class space    used 8771K, committed 9024K, reserved 1048576K
}
Event: 11.914 GC heap before
{Heap before GC invocations=22 (full 0):
 garbage-first heap   total 48128K, used 37988K [0x0000000084000000, 0x0000000100000000)
  region size 1024K, 14 young (14336K), 3 survivors (3072K)
 Metaspace       used 65088K, committed 65600K, reserved 1114112K
  class space    used 8970K, committed 9216K, reserved 1048576K
}
Event: 11.920 GC heap after
{Heap after GC invocations=23 (full 0):
 garbage-first heap   total 48128K, used 27978K [0x0000000084000000, 0x0000000100000000)
  region size 1024K, 2 young (2048K), 2 survivors (2048K)
 Metaspace       used 65088K, committed 65600K, reserved 1114112K
  class space    used 8970K, committed 9216K, reserved 1048576K
}
Event: 12.016 GC heap before
{Heap before GC invocations=23 (full 0):
 garbage-first heap   total 48128K, used 29002K [0x0000000084000000, 0x0000000100000000)
  region size 1024K, 3 young (3072K), 2 survivors (2048K)
 Metaspace       used 65192K, committed 65728K, reserved 1114112K
  class space    used 8986K, committed 9216K, reserved 1048576K
}
Event: 12.020 GC heap after
{Heap after GC invocations=24 (full 0):
 garbage-first heap   total 48128K, used 28093K [0x0000000084000000, 0x0000000100000000)
  region size 1024K, 1 young (1024K), 1 survivors (1024K)
 Metaspace       used 65192K, committed 65728K, reserved 1114112K
  class space    used 8986K, committed 9216K, reserved 1048576K
}
Event: 12.383 GC heap before
{Heap before GC invocations=24 (full 0):
 garbage-first heap   total 48128K, used 37309K [0x0000000084000000, 0x0000000100000000)
  region size 1024K, 11 young (11264K), 1 survivors (1024K)
 Metaspace       used 66965K, committed 67520K, reserved 1114112K
  class space    used 9262K, committed 9536K, reserved 1048576K
}
Event: 12.385 GC heap after
{Heap after GC invocations=25 (full 0):
 garbage-first heap   total 48128K, used 28981K [0x0000000084000000, 0x0000000100000000)
  region size 1024K, 2 young (2048K), 2 survivors (2048K)
 Metaspace       used 66965K, committed 67520K, reserved 1114112K
  class space    used 9262K, committed 9536K, reserved 1048576K
}
Event: 12.518 GC heap before
{Heap before GC invocations=26 (full 0):
 garbage-first heap   total 55296K, used 38197K [0x0000000084000000, 0x0000000100000000)
  region size 1024K, 11 young (11264K), 2 survivors (2048K)
 Metaspace       used 67974K, committed 68544K, reserved 1114112K
  class space    used 9506K, committed 9792K, reserved 1048576K
}
Event: 12.521 GC heap after
{Heap after GC invocations=27 (full 0):
 garbage-first heap   total 55296K, used 29621K [0x0000000084000000, 0x0000000100000000)
  region size 1024K, 2 young (2048K), 2 survivors (2048K)
 Metaspace       used 67974K, committed 68544K, reserved 1114112K
  class space    used 9506K, committed 9792K, reserved 1048576K
}
Event: 183.302 GC heap before
{Heap before GC invocations=27 (full 0):
 garbage-first heap   total 55296K, used 42933K [0x0000000084000000, 0x0000000100000000)
  region size 1024K, 16 young (16384K), 2 survivors (2048K)
 Metaspace       used 71844K, committed 72384K, reserved 1114112K
  class space    used 10015K, committed 10240K, reserved 1048576K
}
Event: 183.308 GC heap after
{Heap after GC invocations=28 (full 0):
 garbage-first heap   total 55296K, used 30251K [0x0000000084000000, 0x0000000100000000)
  region size 1024K, 2 young (2048K), 2 survivors (2048K)
 Metaspace       used 71844K, committed 72384K, reserved 1114112K
  class space    used 10015K, committed 10240K, reserved 1048576K
}
Event: 184.064 GC heap before
{Heap before GC invocations=29 (full 0):
 garbage-first heap   total 55296K, used 43563K [0x0000000084000000, 0x0000000100000000)
  region size 1024K, 16 young (16384K), 2 survivors (2048K)
 Metaspace       used 75017K, committed 75584K, reserved 1114112K
  class space    used 10441K, committed 10688K, reserved 1048576K
}
Event: 184.067 GC heap after
{Heap after GC invocations=30 (full 0):
 garbage-first heap   total 55296K, used 32394K [0x0000000084000000, 0x0000000100000000)
  region size 1024K, 2 young (2048K), 2 survivors (2048K)
 Metaspace       used 75017K, committed 75584K, reserved 1114112K
  class space    used 10441K, committed 10688K, reserved 1048576K
}

