# JRE version: OpenJDK Runtime Environment Temurin-21.0.9+10 (21.0.9+10) (build 21.0.9+10-LTS)
# Java VM: OpenJDK 64-Bit Server VM Temurin-21.0.9+10 (21.0.9+10-LTS, mixed mode, sharing, tiered, compressed oops, compressed class ptrs, parallel gc, windows-amd64)
GC Precious Log:
 CardTable entry size: 512
 CPUs: 4 total, 4 available
 Memory: 7934M
 Large Page Support: Disabled
 NUMA Support: Disabled
 Compressed Oops: Enabled (32-bit)
 Alignments: Space 512K, Generation 512K, Heap 2M
 Heap Min Capacity: 100M
 Heap Initial Capacity: 100M
 Heap Max Capacity: 2G
 Pre-touch: Disabled
 Parallel Workers: 4
Heap:
 PSYoungGen      total 4096K, used 2706K [0x00000000d5580000, 0x00000000d5a80000, 0x0000000100000000)
  eden space 3584K, 65% used [0x00000000d5580000,0x00000000d57c8ad0,0x00000000d5900000)
  from space 512K, 71% used [0x00000000d5a00000,0x00000000d5a5be10,0x00000000d5a80000)
  to   space 512K, 0% used [0x00000000d5980000,0x00000000d5980000,0x00000000d5a00000)
 ParOldGen       total 171008K, used 170795K [0x0000000080000000, 0x000000008a700000, 0x00000000d5580000)
  object space 171008K, 99% used [0x0000000080000000,0x000000008a6caf48,0x000000008a700000)
 Metaspace       used 54480K, committed 55872K, reserved 1114112K
  class space    used 5768K, committed 6400K, reserved 1048576K
GC Heap History (20 events):
Event: 53.077 GC heap before
{Heap before GC invocations=142 (full 2):
 PSYoungGen      total 4096K, used 3904K [0x00000000d5580000, 0x00000000d5a80000, 0x0000000100000000)
  eden space 3584K, 100% used [0x00000000d5580000,0x00000000d5900000,0x00000000d5900000)
  from space 512K, 62% used [0x00000000d5980000,0x00000000d59d0000,0x00000000d5a00000)
  to   space 512K, 0% used [0x00000000d5a00000,0x00000000d5a00000,0x00000000d5a80000)
 ParOldGen       total 166400K, used 166181K [0x0000000080000000, 0x000000008a280000, 0x00000000d5580000)
  object space 166400K, 99% used [0x0000000080000000,0x000000008a2495c8,0x000000008a280000)
 Metaspace       used 54448K, committed 55808K, reserved 1114112K
  class space    used 5768K, committed 6400K, reserved 1048576K
}
Event: 53.081 GC heap after
{Heap after GC invocations=142 (full 2):
 PSYoungGen      total 4096K, used 512K [0x00000000d5580000, 0x00000000d5b00000, 0x0000000100000000)
  eden space 3584K, 0% used [0x00000000d5580000,0x00000000d5580000,0x00000000d5900000)
  from space 512K, 100% used [0x00000000d5a00000,0x00000000d5a80000,0x00000000d5a80000)
  to   space 1024K, 0% used [0x00000000d5900000,0x00000000d5900000,0x00000000d5a00000)
 ParOldGen       total 166912K, used 166492K [0x0000000080000000, 0x000000008a300000, 0x00000000d5580000)
  object space 166912K, 99% used [0x0000000080000000,0x000000008a297250,0x000000008a300000)
 Metaspace       used 54448K, committed 55808K, reserved 1114112K
  class space    used 5768K, committed 6400K, reserved 1048576K
}
Event: 53.122 GC heap before
{Heap before GC invocations=143 (full 2):
 PSYoungGen      total 4096K, used 4096K [0x00000000d5580000, 0x00000000d5b00000, 0x0000000100000000)
  eden space 3584K, 100% used [0x00000000d5580000,0x00000000d5900000,0x00000000d5900000)
  from space 512K, 100% used [0x00000000d5a00000,0x00000000d5a80000,0x00000000d5a80000)
  to   space 1024K, 0% used [0x00000000d5900000,0x00000000d5900000,0x00000000d5a00000)
 ParOldGen       total 166912K, used 166492K [0x0000000080000000, 0x000000008a300000, 0x00000000d5580000)
  object space 166912K, 99% used [0x0000000080000000,0x000000008a297250,0x000000008a300000)
 Metaspace       used 54448K, committed 55808K, reserved 1114112K
  class space    used 5768K, committed 6400K, reserved 1048576K
}
Event: 53.124 GC heap after
{Heap after GC invocations=143 (full 2):
 PSYoungGen      total 4608K, used 545K [0x00000000d5580000, 0x00000000d5b00000, 0x0000000100000000)
  eden space 3584K, 0% used [0x00000000d5580000,0x00000000d5580000,0x00000000d5900000)
  from space 1024K, 53% used [0x00000000d5900000,0x00000000d5988648,0x00000000d5a00000)
  to   space 1024K, 0% used [0x00000000d5a00000,0x00000000d5a00000,0x00000000d5b00000)
 ParOldGen       total 167424K, used 166970K [0x0000000080000000, 0x000000008a380000, 0x00000000d5580000)
  object space 167424K, 99% used [0x0000000080000000,0x000000008a30ebd8,0x000000008a380000)
 Metaspace       used 54448K, committed 55808K, reserved 1114112K
  class space    used 5768K, committed 6400K, reserved 1048576K
}
Event: 53.166 GC heap before
{Heap before GC invocations=144 (full 2):
 PSYoungGen      total 4608K, used 4123K [0x00000000d5580000, 0x00000000d5b00000, 0x0000000100000000)
  eden space 3584K, 99% used [0x00000000d5580000,0x00000000d58fe6f0,0x00000000d5900000)
  from space 1024K, 53% used [0x00000000d5900000,0x00000000d5988648,0x00000000d5a00000)
  to   space 1024K, 0% used [0x00000000d5a00000,0x00000000d5a00000,0x00000000d5b00000)
 ParOldGen       total 167424K, used 166970K [0x0000000080000000, 0x000000008a380000, 0x00000000d5580000)
  object space 167424K, 99% used [0x0000000080000000,0x000000008a30ebd8,0x000000008a380000)
 Metaspace       used 54448K, committed 55808K, reserved 1114112K
  class space    used 5768K, committed 6400K, reserved 1048576K
}
Event: 53.169 GC heap after
{Heap after GC invocations=144 (full 2):
 PSYoungGen      total 4096K, used 448K [0x00000000d5580000, 0x00000000d5a80000, 0x0000000100000000)
  eden space 3584K, 0% used [0x00000000d5580000,0x00000000d5580000,0x00000000d5900000)
  from space 512K, 87% used [0x00000000d5a00000,0x00000000d5a70000,0x00000000d5a80000)
  to   space 512K, 0% used [0x00000000d5980000,0x00000000d5980000,0x00000000d5a00000)
 ParOldGen       total 167936K, used 167433K [0x0000000080000000, 0x000000008a400000, 0x00000000d5580000)
  object space 167936K, 99% used [0x0000000080000000,0x000000008a3824a8,0x000000008a400000)
 Metaspace       used 54448K, committed 55808K, reserved 1114112K
  class space    used 5768K, committed 6400K, reserved 1048576K
}
Event: 53.195 GC heap before
{Heap before GC invocations=145 (full 2):
 PSYoungGen      total 4096K, used 4029K [0x00000000d5580000, 0x00000000d5a80000, 0x0000000100000000)
  eden space 3584K, 99% used [0x00000000d5580000,0x00000000d58ff5d8,0x00000000d5900000)
  from space 512K, 87% used [0x00000000d5a00000,0x00000000d5a70000,0x00000000d5a80000)
  to   space 512K, 0% used [0x00000000d5980000,0x00000000d5980000,0x00000000d5a00000)
 ParOldGen       total 167936K, used 167433K [0x0000000080000000, 0x000000008a400000, 0x00000000d5580000)
  object space 167936K, 99% used [0x0000000080000000,0x000000008a3824a8,0x000000008a400000)
 Metaspace       used 54450K, committed 55808K, reserved 1114112K
  class space    used 5768K, committed 6400K, reserved 1048576K
}
Event: 53.197 GC heap after
{Heap after GC invocations=145 (full 2):
 PSYoungGen      total 4096K, used 387K [0x00000000d5580000, 0x00000000d5a80000, 0x0000000100000000)
  eden space 3584K, 0% used [0x00000000d5580000,0x00000000d5580000,0x00000000d5900000)
  from space 512K, 75% used [0x00000000d5980000,0x00000000d59e0f80,0x00000000d5a00000)
  to   space 512K, 0% used [0x00000000d5a00000,0x00000000d5a00000,0x00000000d5a80000)
 ParOldGen       total 167936K, used 167794K [0x0000000080000000, 0x000000008a400000, 0x00000000d5580000)
  object space 167936K, 99% used [0x0000000080000000,0x000000008a3dca70,0x000000008a400000)
 Metaspace       used 54450K, committed 55808K, reserved 1114112K
  class space    used 5768K, committed 6400K, reserved 1048576K
}
Event: 53.234 GC heap before
{Heap before GC invocations=146 (full 2):
 PSYoungGen      total 4096K, used 3970K [0x00000000d5580000, 0x00000000d5a80000, 0x0000000100000000)
  eden space 3584K, 99% used [0x00000000d5580000,0x00000000d58ff930,0x00000000d5900000)
  from space 512K, 75% used [0x00000000d5980000,0x00000000d59e0f80,0x00000000d5a00000)
  to   space 512K, 0% used [0x00000000d5a00000,0x00000000d5a00000,0x00000000d5a80000)
 ParOldGen       total 167936K, used 167794K [0x0000000080000000, 0x000000008a400000, 0x00000000d5580000)
  object space 167936K, 99% used [0x0000000080000000,0x000000008a3dca70,0x000000008a400000)
 Metaspace       used 54452K, committed 55808K, reserved 1114112K
  class space    used 5768K, committed 6400K, reserved 1048576K
}
Event: 53.237 GC heap after
{Heap after GC invocations=146 (full 2):
 PSYoungGen      total 4096K, used 495K [0x00000000d5580000, 0x00000000d5b00000, 0x0000000100000000)
  eden space 3584K, 0% used [0x00000000d5580000,0x00000000d5580000,0x00000000d5900000)
  from space 512K, 96% used [0x00000000d5a00000,0x00000000d5a7bd30,0x00000000d5a80000)
  to   space 1024K, 0% used [0x00000000d5900000,0x00000000d5900000,0x00000000d5a00000)
 ParOldGen       total 168448K, used 168129K [0x0000000080000000, 0x000000008a480000, 0x00000000d5580000)
  object space 168448K, 99% used [0x0000000080000000,0x000000008a430708,0x000000008a480000)
 Metaspace       used 54452K, committed 55808K, reserved 1114112K
  class space    used 5768K, committed 6400K, reserved 1048576K
}
Event: 53.270 GC heap before
{Heap before GC invocations=147 (full 2):
 PSYoungGen      total 4096K, used 4079K [0x00000000d5580000, 0x00000000d5b00000, 0x0000000100000000)
  eden space 3584K, 100% used [0x00000000d5580000,0x00000000d5900000,0x00000000d5900000)
  from space 512K, 96% used [0x00000000d5a00000,0x00000000d5a7bd30,0x00000000d5a80000)
  to   space 1024K, 0% used [0x00000000d5900000,0x00000000d5900000,0x00000000d5a00000)
 ParOldGen       total 168448K, used 168129K [0x0000000080000000, 0x000000008a480000, 0x00000000d5580000)
  object space 168448K, 99% used [0x0000000080000000,0x000000008a430708,0x000000008a480000)
 Metaspace       used 54452K, committed 55808K, reserved 1114112K
  class space    used 5768K, committed 6400K, reserved 1048576K
}
Event: 53.271 GC heap after
{Heap after GC invocations=147 (full 2):
 PSYoungGen      total 4608K, used 432K [0x00000000d5580000, 0x00000000d5b00000, 0x0000000100000000)
  eden space 3584K, 0% used [0x00000000d5580000,0x00000000d5580000,0x00000000d5900000)
  from space 1024K, 42% used [0x00000000d5900000,0x00000000d596c3d8,0x00000000d5a00000)
  to   space 1024K, 0% used [0x00000000d5a00000,0x00000000d5a00000,0x00000000d5b00000)
 ParOldGen       total 168960K, used 168614K [0x0000000080000000, 0x000000008a500000, 0x00000000d5580000)
  object space 168960K, 99% used [0x0000000080000000,0x000000008a4a9bc8,0x000000008a500000)
 Metaspace       used 54452K, committed 55808K, reserved 1114112K
  class space    used 5768K, committed 6400K, reserved 1048576K
}
Event: 53.307 GC heap before
{Heap before GC invocations=148 (full 2):
 PSYoungGen      total 4608K, used 4016K [0x00000000d5580000, 0x00000000d5b00000, 0x0000000100000000)
  eden space 3584K, 100% used [0x00000000d5580000,0x00000000d5900000,0x00000000d5900000)
  from space 1024K, 42% used [0x00000000d5900000,0x00000000d596c3d8,0x00000000d5a00000)
  to   space 1024K, 0% used [0x00000000d5a00000,0x00000000d5a00000,0x00000000d5b00000)
 ParOldGen       total 168960K, used 168614K [0x0000000080000000, 0x000000008a500000, 0x00000000d5580000)
  object space 168960K, 99% used [0x0000000080000000,0x000000008a4a9bc8,0x000000008a500000)
 Metaspace       used 54452K, committed 55808K, reserved 1114112K
  class space    used 5768K, committed 6400K, reserved 1048576K
}
Event: 53.310 GC heap after
{Heap after GC invocations=148 (full 2):
 PSYoungGen      total 4096K, used 383K [0x00000000d5580000, 0x00000000d5a80000, 0x0000000100000000)
  eden space 3584K, 0% used [0x00000000d5580000,0x00000000d5580000,0x00000000d5900000)
  from space 512K, 74% used [0x00000000d5a00000,0x00000000d5a5ffb8,0x00000000d5a80000)
  to   space 512K, 0% used [0x00000000d5980000,0x00000000d5980000,0x00000000d5a00000)
 ParOldGen       total 169472K, used 168996K [0x0000000080000000, 0x000000008a580000, 0x00000000d5580000)
  object space 169472K, 99% used [0x0000000080000000,0x000000008a509280,0x000000008a580000)
 Metaspace       used 54452K, committed 55808K, reserved 1114112K
  class space    used 5768K, committed 6400K, reserved 1048576K
}
Event: 53.338 GC heap before
{Heap before GC invocations=149 (full 2):
 PSYoungGen      total 4096K, used 3967K [0x00000000d5580000, 0x00000000d5a80000, 0x0000000100000000)
  eden space 3584K, 100% used [0x00000000d5580000,0x00000000d5900000,0x00000000d5900000)
  from space 512K, 74% used [0x00000000d5a00000,0x00000000d5a5ffb8,0x00000000d5a80000)
  to   space 512K, 0% used [0x00000000d5980000,0x00000000d5980000,0x00000000d5a00000)
 ParOldGen       total 169472K, used 168996K [0x0000000080000000, 0x000000008a580000, 0x00000000d5580000)
  object space 169472K, 99% used [0x0000000080000000,0x000000008a509280,0x000000008a580000)
 Metaspace       used 54454K, committed 55808K, reserved 1114112K
  class space    used 5768K, committed 6400K, reserved 1048576K
}
Event: 53.341 GC heap after
{Heap after GC invocations=149 (full 2):
 PSYoungGen      total 4096K, used 504K [0x00000000d5580000, 0x00000000d5c00000, 0x0000000100000000)
  eden space 3584K, 0% used [0x00000000d5580000,0x00000000d5580000,0x00000000d5900000)
  from space 512K, 98% used [0x00000000d5980000,0x00000000d59fe048,0x00000000d5a00000)
  to   space 1536K, 0% used [0x00000000d5a80000,0x00000000d5a80000,0x00000000d5c00000)
 ParOldGen       total 169984K, used 169494K [0x0000000080000000, 0x000000008a600000, 0x00000000d5580000)
  object space 169984K, 99% used [0x0000000080000000,0x000000008a5858b0,0x000000008a600000)
 Metaspace       used 54454K, committed 55808K, reserved 1114112K
  class space    used 5768K, committed 6400K, reserved 1048576K
}
Event: 53.395 GC heap before
{Heap before GC invocations=150 (full 2):
 PSYoungGen      total 4096K, used 4088K [0x00000000d5580000, 0x00000000d5c00000, 0x0000000100000000)
  eden space 3584K, 100% used [0x00000000d5580000,0x00000000d5900000,0x00000000d5900000)
  from space 512K, 98% used [0x00000000d5980000,0x00000000d59fe048,0x00000000d5a00000)
  to   space 1536K, 0% used [0x00000000d5a80000,0x00000000d5a80000,0x00000000d5c00000)
 ParOldGen       total 169984K, used 169494K [0x0000000080000000, 0x000000008a600000, 0x00000000d5580000)
  object space 169984K, 99% used [0x0000000080000000,0x000000008a5858b0,0x000000008a600000)
 Metaspace       used 54473K, committed 55872K, reserved 1114112K
  class space    used 5768K, committed 6400K, reserved 1048576K
}
Event: 53.397 GC heap after
{Heap after GC invocations=150 (full 2):
 PSYoungGen      total 4096K, used 419K [0x00000000d5580000, 0x00000000d5b00000, 0x0000000100000000)
  eden space 3584K, 0% used [0x00000000d5580000,0x00000000d5580000,0x00000000d5900000)
  from space 512K, 81% used [0x00000000d5a80000,0x00000000d5ae8ce0,0x00000000d5b00000)
  to   space 1024K, 0% used [0x00000000d5900000,0x00000000d5900000,0x00000000d5a00000)
 ParOldGen       total 170496K, used 169987K [0x0000000080000000, 0x000000008a680000, 0x00000000d5580000)
  object space 170496K, 99% used [0x0000000080000000,0x000000008a600f48,0x000000008a680000)
 Metaspace       used 54473K, committed 55872K, reserved 1114112K
  class space    used 5768K, committed 6400K, reserved 1048576K
}
Event: 53.475 GC heap before
{Heap before GC invocations=151 (full 2):
 PSYoungGen      total 4096K, used 4003K [0x00000000d5580000, 0x00000000d5b00000, 0x0000000100000000)
  eden space 3584K, 100% used [0x00000000d5580000,0x00000000d5900000,0x00000000d5900000)
  from space 512K, 81% used [0x00000000d5a80000,0x00000000d5ae8ce0,0x00000000d5b00000)
  to   space 1024K, 0% used [0x00000000d5900000,0x00000000d5900000,0x00000000d5a00000)
 ParOldGen       total 170496K, used 169987K [0x0000000080000000, 0x000000008a680000, 0x00000000d5580000)
  object space 170496K, 99% used [0x0000000080000000,0x000000008a600f48,0x000000008a680000)
 Metaspace       used 54473K, committed 55872K, reserved 1114112K
  class space    used 5768K, committed 6400K, reserved 1048576K
}
Event: 53.478 GC heap after
{Heap after GC invocations=151 (full 2):
 PSYoungGen      total 4608K, used 576K [0x00000000d5580000, 0x00000000d5b00000, 0x0000000100000000)
  eden space 3584K, 0% used [0x00000000d5580000,0x00000000d5580000,0x00000000d5900000)
  from space 1024K, 56% used [0x00000000d5900000,0x00000000d5990010,0x00000000d5a00000)
  to   space 1024K, 0% used [0x00000000d5a00000,0x00000000d5a00000,0x00000000d5b00000)
 ParOldGen       total 170496K, used 170316K [0x0000000080000000, 0x000000008a680000, 0x00000000d5580000)
  object space 170496K, 99% used [0x0000000080000000,0x000000008a6533d0,0x000000008a680000)
 Metaspace       used 54473K, committed 55872K, reserved 1114112K
  class space    used 5768K, committed 6400K, reserved 1048576K
}

