# JRE version: OpenJDK Runtime Environment Temurin-21.0.9+10 (21.0.9+10) (build 21.0.9+10-LTS)
# Java VM: OpenJDK 64-Bit Server VM Temurin-21.0.9+10 (21.0.9+10-LTS, mixed mode, sharing, tiered, compressed oops, compressed class ptrs, parallel gc, windows-amd64)
GC Precious Log:
 CardTable entry size: 512
 CPUs: 4 total, 4 available
 Memory: 7934M
 Large Page Support: Disabled
 NUMA Support: Disabled
 Compressed Oops: Enabled (32-bit)
 Alignments: Space 512K, Generation 512K, Heap 2M
 Heap Min Capacity: 100M
 Heap Initial Capacity: 100M
 Heap Max Capacity: 2G
 Pre-touch: Disabled
 Parallel Workers: 4
Heap:
 PSYoungGen      total 16384K, used 13457K [0x00000000d5580000, 0x00000000d6b00000, 0x0000000100000000)
  eden space 14336K, 82% used [0x00000000d5580000,0x00000000d6115560,0x00000000d6380000)
  from space 2048K, 77% used [0x00000000d6900000,0x00000000d6a8f1a0,0x00000000d6b00000)
  to   space 3072K, 0% used [0x00000000d6500000,0x00000000d6500000,0x00000000d6800000)
 ParOldGen       total 94208K, used 93982K [0x0000000080000000, 0x0000000085c00000, 0x00000000d5580000)
  object space 94208K, 99% used [0x0000000080000000,0x0000000085bc7b60,0x0000000085c00000)
 Metaspace       used 74292K, committed 75904K, reserved 1179648K
  class space    used 7960K, committed 8704K, reserved 1048576K
GC Heap History (20 events):
Event: 408.726 GC heap before
{Heap before GC invocations=112 (full 3):
 PSYoungGen      total 14848K, used 14603K [0x00000000d5580000, 0x00000000d6800000, 0x0000000100000000)
  eden space 14336K, 100% used [0x00000000d5580000,0x00000000d6380000,0x00000000d6380000)
  from space 512K, 52% used [0x00000000d6780000,0x00000000d67c2fa8,0x00000000d6800000)
  to   space 512K, 0% used [0x00000000d6700000,0x00000000d6700000,0x00000000d6780000)
 ParOldGen       total 89088K, used 88821K [0x0000000080000000, 0x0000000085700000, 0x00000000d5580000)
  object space 89088K, 99% used [0x0000000080000000,0x00000000856bd740,0x0000000085700000)
 Metaspace       used 72292K, committed 73856K, reserved 1179648K
  class space    used 7806K, committed 8448K, reserved 1048576K
}
Event: 408.727 GC heap after
{Heap after GC invocations=112 (full 3):
 PSYoungGen      total 14848K, used 161K [0x00000000d5580000, 0x00000000d6800000, 0x0000000100000000)
  eden space 14336K, 0% used [0x00000000d5580000,0x00000000d5580000,0x00000000d6380000)
  from space 512K, 31% used [0x00000000d6700000,0x00000000d6728648,0x00000000d6780000)
  to   space 512K, 0% used [0x00000000d6780000,0x00000000d6780000,0x00000000d6800000)
 ParOldGen       total 89088K, used 88845K [0x0000000080000000, 0x0000000085700000, 0x00000000d5580000)
  object space 89088K, 99% used [0x0000000080000000,0x00000000856c3740,0x0000000085700000)
 Metaspace       used 72292K, committed 73856K, reserved 1179648K
  class space    used 7806K, committed 8448K, reserved 1048576K
}
Event: 408.802 GC heap before
{Heap before GC invocations=113 (full 3):
 PSYoungGen      total 14848K, used 14497K [0x00000000d5580000, 0x00000000d6800000, 0x0000000100000000)
  eden space 14336K, 100% used [0x00000000d5580000,0x00000000d6380000,0x00000000d6380000)
  from space 512K, 31% used [0x00000000d6700000,0x00000000d6728648,0x00000000d6780000)
  to   space 512K, 0% used [0x00000000d6780000,0x00000000d6780000,0x00000000d6800000)
 ParOldGen       total 89088K, used 88845K [0x0000000080000000, 0x0000000085700000, 0x00000000d5580000)
  object space 89088K, 99% used [0x0000000080000000,0x00000000856c3740,0x0000000085700000)
 Metaspace       used 72292K, committed 73856K, reserved 1179648K
  class space    used 7806K, committed 8448K, reserved 1048576K
}
Event: 408.802 GC heap after
{Heap after GC invocations=113 (full 3):
 PSYoungGen      total 14848K, used 128K [0x00000000d5580000, 0x00000000d6800000, 0x0000000100000000)
  eden space 14336K, 0% used [0x00000000d5580000,0x00000000d5580000,0x00000000d6380000)
  from space 512K, 25% used [0x00000000d6780000,0x00000000d67a0000,0x00000000d6800000)
  to   space 512K, 0% used [0x00000000d6700000,0x00000000d6700000,0x00000000d6780000)
 ParOldGen       total 89088K, used 88869K [0x0000000080000000, 0x0000000085700000, 0x00000000d5580000)
  object space 89088K, 99% used [0x0000000080000000,0x00000000856c9740,0x0000000085700000)
 Metaspace       used 72292K, committed 73856K, reserved 1179648K
  class space    used 7806K, committed 8448K, reserved 1048576K
}
Event: 408.837 GC heap before
{Heap before GC invocations=114 (full 3):
 PSYoungGen      total 14848K, used 14464K [0x00000000d5580000, 0x00000000d6800000, 0x0000000100000000)
  eden space 14336K, 100% used [0x00000000d5580000,0x00000000d6380000,0x00000000d6380000)
  from space 512K, 25% used [0x00000000d6780000,0x00000000d67a0000,0x00000000d6800000)
  to   space 512K, 0% used [0x00000000d6700000,0x00000000d6700000,0x00000000d6780000)
 ParOldGen       total 89088K, used 88869K [0x0000000080000000, 0x0000000085700000, 0x00000000d5580000)
  object space 89088K, 99% used [0x0000000080000000,0x00000000856c9740,0x0000000085700000)
 Metaspace       used 72292K, committed 73856K, reserved 1179648K
  class space    used 7806K, committed 8448K, reserved 1048576K
}
Event: 408.837 GC heap after
{Heap after GC invocations=114 (full 3):
 PSYoungGen      total 14848K, used 128K [0x00000000d5580000, 0x00000000d6800000, 0x0000000100000000)
  eden space 14336K, 0% used [0x00000000d5580000,0x00000000d5580000,0x00000000d6380000)
  from space 512K, 25% used [0x00000000d6700000,0x00000000d6720000,0x00000000d6780000)
  to   space 512K, 0% used [0x00000000d6780000,0x00000000d6780000,0x00000000d6800000)
 ParOldGen       total 89088K, used 88901K [0x0000000080000000, 0x0000000085700000, 0x00000000d5580000)
  object space 89088K, 99% used [0x0000000080000000,0x00000000856d1740,0x0000000085700000)
 Metaspace       used 72292K, committed 73856K, reserved 1179648K
  class space    used 7806K, committed 8448K, reserved 1048576K
}
Event: 408.986 GC heap before
{Heap before GC invocations=115 (full 3):
 PSYoungGen      total 14848K, used 14234K [0x00000000d5580000, 0x00000000d6800000, 0x0000000100000000)
  eden space 14336K, 98% used [0x00000000d5580000,0x00000000d6346a68,0x00000000d6380000)
  from space 512K, 25% used [0x00000000d6700000,0x00000000d6720000,0x00000000d6780000)
  to   space 512K, 0% used [0x00000000d6780000,0x00000000d6780000,0x00000000d6800000)
 ParOldGen       total 89088K, used 88901K [0x0000000080000000, 0x0000000085700000, 0x00000000d5580000)
  object space 89088K, 99% used [0x0000000080000000,0x00000000856d1740,0x0000000085700000)
 Metaspace       used 72300K, committed 73856K, reserved 1179648K
  class space    used 7806K, committed 8448K, reserved 1048576K
}
Event: 408.987 GC heap after
{Heap after GC invocations=115 (full 3):
 PSYoungGen      total 14848K, used 212K [0x00000000d5580000, 0x00000000d6800000, 0x0000000100000000)
  eden space 14336K, 0% used [0x00000000d5580000,0x00000000d5580000,0x00000000d6380000)
  from space 512K, 41% used [0x00000000d6780000,0x00000000d67b5200,0x00000000d6800000)
  to   space 512K, 0% used [0x00000000d6700000,0x00000000d6700000,0x00000000d6780000)
 ParOldGen       total 89088K, used 88933K [0x0000000080000000, 0x0000000085700000, 0x00000000d5580000)
  object space 89088K, 99% used [0x0000000080000000,0x00000000856d9740,0x0000000085700000)
 Metaspace       used 72300K, committed 73856K, reserved 1179648K
  class space    used 7806K, committed 8448K, reserved 1048576K
}
Event: 409.035 GC heap before
{Heap before GC invocations=116 (full 3):
 PSYoungGen      total 14848K, used 14548K [0x00000000d5580000, 0x00000000d6800000, 0x0000000100000000)
  eden space 14336K, 100% used [0x00000000d5580000,0x00000000d6380000,0x00000000d6380000)
  from space 512K, 41% used [0x00000000d6780000,0x00000000d67b5200,0x00000000d6800000)
  to   space 512K, 0% used [0x00000000d6700000,0x00000000d6700000,0x00000000d6780000)
 ParOldGen       total 89088K, used 88933K [0x0000000080000000, 0x0000000085700000, 0x00000000d5580000)
  object space 89088K, 99% used [0x0000000080000000,0x00000000856d9740,0x0000000085700000)
 Metaspace       used 72300K, committed 73856K, reserved 1179648K
  class space    used 7806K, committed 8448K, reserved 1048576K
}
Event: 409.036 GC heap after
{Heap after GC invocations=116 (full 3):
 PSYoungGen      total 14848K, used 509K [0x00000000d5580000, 0x00000000d6800000, 0x0000000100000000)
  eden space 14336K, 0% used [0x00000000d5580000,0x00000000d5580000,0x00000000d6380000)
  from space 512K, 99% used [0x00000000d6700000,0x00000000d677f770,0x00000000d6780000)
  to   space 512K, 0% used [0x00000000d6780000,0x00000000d6780000,0x00000000d6800000)
 ParOldGen       total 89600K, used 89186K [0x0000000080000000, 0x0000000085780000, 0x00000000d5580000)
  object space 89600K, 99% used [0x0000000080000000,0x0000000085718940,0x0000000085780000)
 Metaspace       used 72300K, committed 73856K, reserved 1179648K
  class space    used 7806K, committed 8448K, reserved 1048576K
}
Event: 409.293 GC heap before
{Heap before GC invocations=117 (full 3):
 PSYoungGen      total 14848K, used 14840K [0x00000000d5580000, 0x00000000d6800000, 0x0000000100000000)
  eden space 14336K, 99% used [0x00000000d5580000,0x00000000d637ebb8,0x00000000d6380000)
  from space 512K, 99% used [0x00000000d6700000,0x00000000d677f770,0x00000000d6780000)
  to   space 512K, 0% used [0x00000000d6780000,0x00000000d6780000,0x00000000d6800000)
 ParOldGen       total 89600K, used 89186K [0x0000000080000000, 0x0000000085780000, 0x00000000d5580000)
  object space 89600K, 99% used [0x0000000080000000,0x0000000085718940,0x0000000085780000)
 Metaspace       used 72356K, committed 73920K, reserved 1179648K
  class space    used 7806K, committed 8448K, reserved 1048576K
}
Event: 409.297 GC heap after
{Heap after GC invocations=117 (full 3):
 PSYoungGen      total 14848K, used 160K [0x00000000d5580000, 0x00000000d6800000, 0x0000000100000000)
  eden space 14336K, 0% used [0x00000000d5580000,0x00000000d5580000,0x00000000d6380000)
  from space 512K, 31% used [0x00000000d6780000,0x00000000d67a8000,0x00000000d6800000)
  to   space 512K, 0% used [0x00000000d6700000,0x00000000d6700000,0x00000000d6780000)
 ParOldGen       total 89600K, used 89210K [0x0000000080000000, 0x0000000085780000, 0x00000000d5580000)
  object space 89600K, 99% used [0x0000000080000000,0x000000008571e940,0x0000000085780000)
 Metaspace       used 72356K, committed 73920K, reserved 1179648K
  class space    used 7806K, committed 8448K, reserved 1048576K
}
Event: 409.749 GC heap before
{Heap before GC invocations=118 (full 3):
 PSYoungGen      total 14848K, used 14481K [0x00000000d5580000, 0x00000000d6800000, 0x0000000100000000)
  eden space 14336K, 99% used [0x00000000d5580000,0x00000000d637c4c0,0x00000000d6380000)
  from space 512K, 31% used [0x00000000d6780000,0x00000000d67a8000,0x00000000d6800000)
  to   space 512K, 0% used [0x00000000d6700000,0x00000000d6700000,0x00000000d6780000)
 ParOldGen       total 89600K, used 89210K [0x0000000080000000, 0x0000000085780000, 0x00000000d5580000)
  object space 89600K, 99% used [0x0000000080000000,0x000000008571e940,0x0000000085780000)
 Metaspace       used 72387K, committed 73984K, reserved 1179648K
  class space    used 7808K, committed 8448K, reserved 1048576K
}
Event: 409.750 GC heap after
{Heap after GC invocations=118 (full 3):
 PSYoungGen      total 14848K, used 224K [0x00000000d5580000, 0x00000000d6800000, 0x0000000100000000)
  eden space 14336K, 0% used [0x00000000d5580000,0x00000000d5580000,0x00000000d6380000)
  from space 512K, 43% used [0x00000000d6700000,0x00000000d6738000,0x00000000d6780000)
  to   space 512K, 0% used [0x00000000d6780000,0x00000000d6780000,0x00000000d6800000)
 ParOldGen       total 89600K, used 89266K [0x0000000080000000, 0x0000000085780000, 0x00000000d5580000)
  object space 89600K, 99% used [0x0000000080000000,0x000000008572c940,0x0000000085780000)
 Metaspace       used 72387K, committed 73984K, reserved 1179648K
  class space    used 7808K, committed 8448K, reserved 1048576K
}
Event: 410.325 GC heap before
{Heap before GC invocations=119 (full 3):
 PSYoungGen      total 14848K, used 14560K [0x00000000d5580000, 0x00000000d6800000, 0x0000000100000000)
  eden space 14336K, 100% used [0x00000000d5580000,0x00000000d6380000,0x00000000d6380000)
  from space 512K, 43% used [0x00000000d6700000,0x00000000d6738000,0x00000000d6780000)
  to   space 512K, 0% used [0x00000000d6780000,0x00000000d6780000,0x00000000d6800000)
 ParOldGen       total 89600K, used 89266K [0x0000000080000000, 0x0000000085780000, 0x00000000d5580000)
  object space 89600K, 99% used [0x0000000080000000,0x000000008572c940,0x0000000085780000)
 Metaspace       used 72445K, committed 73984K, reserved 1179648K
  class space    used 7814K, committed 8448K, reserved 1048576K
}
Event: 410.326 GC heap after
{Heap after GC invocations=119 (full 3):
 PSYoungGen      total 14848K, used 192K [0x00000000d5580000, 0x00000000d6800000, 0x0000000100000000)
  eden space 14336K, 0% used [0x00000000d5580000,0x00000000d5580000,0x00000000d6380000)
  from space 512K, 37% used [0x00000000d6780000,0x00000000d67b0000,0x00000000d6800000)
  to   space 512K, 0% used [0x00000000d6700000,0x00000000d6700000,0x00000000d6780000)
 ParOldGen       total 89600K, used 89314K [0x0000000080000000, 0x0000000085780000, 0x00000000d5580000)
  object space 89600K, 99% used [0x0000000080000000,0x0000000085738950,0x0000000085780000)
 Metaspace       used 72445K, committed 73984K, reserved 1179648K
  class space    used 7814K, committed 8448K, reserved 1048576K
}
Event: 410.813 GC heap before
{Heap before GC invocations=120 (full 3):
 PSYoungGen      total 14848K, used 14528K [0x00000000d5580000, 0x00000000d6800000, 0x0000000100000000)
  eden space 14336K, 100% used [0x00000000d5580000,0x00000000d6380000,0x00000000d6380000)
  from space 512K, 37% used [0x00000000d6780000,0x00000000d67b0000,0x00000000d6800000)
  to   space 512K, 0% used [0x00000000d6700000,0x00000000d6700000,0x00000000d6780000)
 ParOldGen       total 89600K, used 89314K [0x0000000080000000, 0x0000000085780000, 0x00000000d5580000)
  object space 89600K, 99% used [0x0000000080000000,0x0000000085738950,0x0000000085780000)
 Metaspace       used 72885K, committed 74496K, reserved 1179648K
  class space    used 7849K, committed 8512K, reserved 1048576K
}
Event: 410.817 GC heap after
{Heap after GC invocations=120 (full 3):
 PSYoungGen      total 14848K, used 508K [0x00000000d5580000, 0x00000000d6e80000, 0x0000000100000000)
  eden space 14336K, 0% used [0x00000000d5580000,0x00000000d5580000,0x00000000d6380000)
  from space 512K, 99% used [0x00000000d6700000,0x00000000d677f230,0x00000000d6780000)
  to   space 5632K, 0% used [0x00000000d6900000,0x00000000d6900000,0x00000000d6e80000)
 ParOldGen       total 93696K, used 93474K [0x0000000080000000, 0x0000000085b80000, 0x00000000d5580000)
  object space 93696K, 99% used [0x0000000080000000,0x0000000085b48b88,0x0000000085b80000)
 Metaspace       used 72885K, committed 74496K, reserved 1179648K
  class space    used 7849K, committed 8512K, reserved 1048576K
}
Event: 411.162 GC heap before
{Heap before GC invocations=121 (full 3):
 PSYoungGen      total 14848K, used 14844K [0x00000000d5580000, 0x00000000d6e80000, 0x0000000100000000)
  eden space 14336K, 100% used [0x00000000d5580000,0x00000000d6380000,0x00000000d6380000)
  from space 512K, 99% used [0x00000000d6700000,0x00000000d677f230,0x00000000d6780000)
  to   space 5632K, 0% used [0x00000000d6900000,0x00000000d6900000,0x00000000d6e80000)
 ParOldGen       total 93696K, used 93474K [0x0000000080000000, 0x0000000085b80000, 0x00000000d5580000)
  object space 93696K, 99% used [0x0000000080000000,0x0000000085b48b88,0x0000000085b80000)
 Metaspace       used 73565K, committed 75136K, reserved 1179648K
  class space    used 7899K, committed 8576K, reserved 1048576K
}
Event: 411.164 GC heap after
{Heap after GC invocations=121 (full 3):
 PSYoungGen      total 16384K, used 1596K [0x00000000d5580000, 0x00000000d6b00000, 0x0000000100000000)
  eden space 14336K, 0% used [0x00000000d5580000,0x00000000d5580000,0x00000000d6380000)
  from space 2048K, 77% used [0x00000000d6900000,0x00000000d6a8f1a0,0x00000000d6b00000)
  to   space 3072K, 0% used [0x00000000d6500000,0x00000000d6500000,0x00000000d6800000)
 ParOldGen       total 94208K, used 93982K [0x0000000080000000, 0x0000000085c00000, 0x00000000d5580000)
  object space 94208K, 99% used [0x0000000080000000,0x0000000085bc7b60,0x0000000085c00000)
 Metaspace       used 73565K, committed 75136K, reserved 1179648K
  class space    used 7899K, committed 8576K, reserved 1048576K
}

